<?xml version="1.0" encoding="UTF-8"?>
<!-- Generated by org.testng.reporters.JUnitXMLReporter -->
<testsuite hostname="INDRANEELGHULE" ignored="0" name="Test" tests="1" failures="0" timestamp="05 Mar 2021 19:13:13 GMT" time="0.078" errors="0">
  <testcase name="@BeforeTest setup" time="0.017" classname="com.TestGmail">
    <failure type="java.lang.NoClassDefFoundError" message="org/openqa/selenium/remote/RemoteWebDriver">
      <![CDATA[java.lang.NoClassDefFoundError: org/openqa/selenium/remote/RemoteWebDriver
at java.lang.ClassLoader.defineClass1(Native Method)
at java.lang.ClassLoader.defineClass(ClassLoader.java:760)
at java.security.SecureClassLoader.defineClass(SecureClassLoader.java:142)
at java.net.URLClassLoader.defineClass(URLClassLoader.java:455)
at java.net.URLClassLoader.access$100(URLClassLoader.java:73)
at java.net.URLClassLoader$1.run(URLClassLoader.java:367)
at java.net.URLClassLoader$1.run(URLClassLoader.java:361)
at java.security.AccessController.doPrivileged(Native Method)
at java.net.URLClassLoader.findClass(URLClassLoader.java:360)
at java.lang.ClassLoader.loadClass(ClassLoader.java:424)
at sun.misc.Launcher$AppClassLoader.loadClass(Launcher.java:308)
at java.lang.ClassLoader.loadClass(ClassLoader.java:357)
at com.TestGmail.setup(TestGmail.java:37)
Caused by: java.lang.ClassNotFoundException: org.openqa.selenium.remote.RemoteWebDriver
at java.net.URLClassLoader$1.run(URLClassLoader.java:372)
at java.net.URLClassLoader$1.run(URLClassLoader.java:361)
at java.security.AccessController.doPrivileged(Native Method)
at java.net.URLClassLoader.findClass(URLClassLoader.java:360)
at java.lang.ClassLoader.loadClass(ClassLoader.java:424)
at sun.misc.Launcher$AppClassLoader.loadClass(Launcher.java:308)
at java.lang.ClassLoader.loadClass(ClassLoader.java:357)
... 37 more
... Removed 24 stack frames]]>
    </failure>
  </testcase> <!-- @BeforeTest setup -->
  <testcase name="login" time="0.0" classname="com.TestGmail">
    <skipped/>
  </testcase> <!-- login -->
</testsuite> <!-- Test -->
